# JRE version: OpenJDK Runtime Environment (8.0_242-b01) (build 1.8.0_242-release-1644-b01)
# Java VM: OpenJDK 64-Bit Server VM (25.242-b01 mixed mode windows-amd64 compressed oops)
Heap:
 PSYoungGen      total 136192K, used 115450K [0x00000000e0000000, 0x00000000ef280000, 0x0000000100000000)
  eden space 104448K, 80% used [0x00000000e0000000,0x00000000e51c3958,0x00000000e6600000)
  from space 31744K, 99% used [0x00000000e9a00000,0x00000000eb8fb120,0x00000000eb900000)
  to   space 53248K, 0% used [0x00000000e6600000,0x00000000e6600000,0x00000000e9a00000)
 ParOldGen       total 141824K, used 109807K [0x00000000a0000000, 0x00000000a8a80000, 0x00000000e0000000)
  object space 141824K, 77% used [0x00000000a0000000,0x00000000a6b3be18,0x00000000a8a80000)
 Metaspace       used 74458K, capacity 77201K, committed 77312K, reserved 1116160K
  class space    used 10132K, capacity 10695K, committed 10752K, reserved 1048576K
GC Heap History (10 events):
Event: 154.065 GC heap before
{Heap before GC invocations=19 (full 3):
 PSYoungGen      total 103936K, used 87552K [0x00000000e0000000, 0x00000000e8200000, 0x0000000100000000)
  eden space 87552K, 100% used [0x00000000e0000000,0x00000000e5580000,0x00000000e5580000)
  from space 16384K, 0% used [0x00000000e5580000,0x00000000e5580000,0x00000000e6580000)
  to   space 15872K, 0% used [0x00000000e7280000,0x00000000e7280000,0x00000000e8200000)
 ParOldGen       total 141824K, used 34051K [0x00000000a0000000, 0x00000000a8a80000, 0x00000000e0000000)
  object space 141824K, 24% used [0x00000000a0000000,0x00000000a2140c88,0x00000000a8a80000)
 Metaspace       used 59680K, capacity 61477K, committed 61568K, reserved 1101824K
  class space    used 8096K, capacity 8529K, committed 8576K, reserved 1048576K
Event: 154.081 GC heap after
Heap after GC invocations=19 (full 3):
 PSYoungGen      total 117760K, used 8461K [0x00000000e0000000, 0x00000000e8200000, 0x0000000100000000)
  eden space 101888K, 0% used [0x00000000e0000000,0x00000000e0000000,0x00000000e6380000)
  from space 15872K, 53% used [0x00000000e7280000,0x00000000e7ac3408,0x00000000e8200000)
  to   space 15360K, 0% used [0x00000000e6380000,0x00000000e6380000,0x00000000e7280000)
 ParOldGen       total 141824K, used 34059K [0x00000000a0000000, 0x00000000a8a80000, 0x00000000e0000000)
  object space 141824K, 24% used [0x00000000a0000000,0x00000000a2142c88,0x00000000a8a80000)
 Metaspace       used 59680K, capacity 61477K, committed 61568K, reserved 1101824K
  class space    used 8096K, capacity 8529K, committed 8576K, reserved 1048576K
}
Event: 158.682 GC heap before
{Heap before GC invocations=20 (full 3):
 PSYoungGen      total 117760K, used 110349K [0x00000000e0000000, 0x00000000e8200000, 0x0000000100000000)
  eden space 101888K, 100% used [0x00000000e0000000,0x00000000e6380000,0x00000000e6380000)
  from space 15872K, 53% used [0x00000000e7280000,0x00000000e7ac3408,0x00000000e8200000)
  to   space 15360K, 0% used [0x00000000e6380000,0x00000000e6380000,0x00000000e7280000)
 ParOldGen       total 141824K, used 34059K [0x00000000a0000000, 0x00000000a8a80000, 0x00000000e0000000)
  object space 141824K, 24% used [0x00000000a0000000,0x00000000a2142c88,0x00000000a8a80000)
 Metaspace       used 61019K, capacity 62933K, committed 63104K, reserved 1103872K
  class space    used 8271K, capacity 8713K, committed 8832K, reserved 1048576K
Event: 158.722 GC heap after
Heap after GC invocations=20 (full 3):
 PSYoungGen      total 117248K, used 15344K [0x00000000e0000000, 0x00000000e9380000, 0x0000000100000000)
  eden space 101888K, 0% used [0x00000000e0000000,0x00000000e0000000,0x00000000e6380000)
  from space 15360K, 99% used [0x00000000e6380000,0x00000000e727c290,0x00000000e7280000)
  to   space 18432K, 0% used [0x00000000e8180000,0x00000000e8180000,0x00000000e9380000)
 ParOldGen       total 141824K, used 37074K [0x00000000a0000000, 0x00000000a8a80000, 0x00000000e0000000)
  object space 141824K, 26% used [0x00000000a0000000,0x00000000a2434af8,0x00000000a8a80000)
 Metaspace       used 61019K, capacity 62933K, committed 63104K, reserved 1103872K
  class space    used 8271K, capacity 8713K, committed 8832K, reserved 1048576K
}
Event: 167.628 GC heap before
{Heap before GC invocations=21 (full 3):
 PSYoungGen      total 117248K, used 117232K [0x00000000e0000000, 0x00000000e9380000, 0x0000000100000000)
  eden space 101888K, 100% used [0x00000000e0000000,0x00000000e6380000,0x00000000e6380000)
  from space 15360K, 99% used [0x00000000e6380000,0x00000000e727c290,0x00000000e7280000)
  to   space 18432K, 0% used [0x00000000e8180000,0x00000000e8180000,0x00000000e9380000)
 ParOldGen       total 141824K, used 37074K [0x00000000a0000000, 0x00000000a8a80000, 0x00000000e0000000)
  object space 141824K, 26% used [0x00000000a0000000,0x00000000a2434af8,0x00000000a8a80000)
 Metaspace       used 66473K, capacity 68491K, committed 68736K, reserved 1107968K
  class space    used 8902K, capacity 9340K, committed 9344K, reserved 1048576K
Event: 167.720 GC heap after
Heap after GC invocations=21 (full 3):
 PSYoungGen      total 130560K, used 17083K [0x00000000e0000000, 0x00000000e9900000, 0x0000000100000000)
  eden space 112128K, 0% used [0x00000000e0000000,0x00000000e0000000,0x00000000e6d80000)
  from space 18432K, 92% used [0x00000000e8180000,0x00000000e922edd0,0x00000000e9380000)
  to   space 20480K, 0% used [0x00000000e6d80000,0x00000000e6d80000,0x00000000e8180000)
 ParOldGen       total 141824K, used 42894K [0x00000000a0000000, 0x00000000a8a80000, 0x00000000e0000000)
  object space 141824K, 30% used [0x00000000a0000000,0x00000000a29e3a38,0x00000000a8a80000)
 Metaspace       used 66473K, capacity 68491K, committed 68736K, reserved 1107968K
  class space    used 8902K, capacity 9340K, committed 9344K, reserved 1048576K
}
Event: 178.640 GC heap before
{Heap before GC invocations=22 (full 3):
 PSYoungGen      total 130560K, used 127742K [0x00000000e0000000, 0x00000000e9900000, 0x0000000100000000)
  eden space 112128K, 98% used [0x00000000e0000000,0x00000000e6c10c80,0x00000000e6d80000)
  from space 18432K, 92% used [0x00000000e8180000,0x00000000e922edd0,0x00000000e9380000)
  to   space 20480K, 0% used [0x00000000e6d80000,0x00000000e6d80000,0x00000000e8180000)
 ParOldGen       total 141824K, used 42894K [0x00000000a0000000, 0x00000000a8a80000, 0x00000000e0000000)
  object space 141824K, 30% used [0x00000000a0000000,0x00000000a29e3a38,0x00000000a8a80000)
 Metaspace       used 73287K, capacity 75873K, committed 76160K, reserved 1114112K
  class space    used 9954K, capacity 10525K, committed 10624K, reserved 1048576K
Event: 178.681 GC heap after
Heap after GC invocations=22 (full 3):
 PSYoungGen      total 132608K, used 20465K [0x00000000e0000000, 0x00000000eb900000, 0x0000000100000000)
  eden space 112128K, 0% used [0x00000000e0000000,0x00000000e0000000,0x00000000e6d80000)
  from space 20480K, 99% used [0x00000000e6d80000,0x00000000e817c6e0,0x00000000e8180000)
  to   space 31744K, 0% used [0x00000000e9a00000,0x00000000e9a00000,0x00000000eb900000)
 ParOldGen       total 141824K, used 65234K [0x00000000a0000000, 0x00000000a8a80000, 0x00000000e0000000)
  object space 141824K, 45% used [0x00000000a0000000,0x00000000a3fb4a28,0x00000000a8a80000)
 Metaspace       used 73287K, capacity 75873K, committed 76160K, reserved 1114112K
  class space    used 9954K, capacity 10525K, committed 10624K, reserved 1048576K
}
Event: 179.980 GC heap before
{Heap before GC invocations=23 (full 3):
 PSYoungGen      total 132608K, used 132593K [0x00000000e0000000, 0x00000000eb900000, 0x0000000100000000)
  eden space 112128K, 100% used [0x00000000e0000000,0x00000000e6d80000,0x00000000e6d80000)
  from space 20480K, 99% used [0x00000000e6d80000,0x00000000e817c6e0,0x00000000e8180000)
  to   space 31744K, 0% used [0x00000000e9a00000,0x00000000e9a00000,0x00000000eb900000)
 ParOldGen       total 141824K, used 65234K [0x00000000a0000000, 0x00000000a8a80000, 0x00000000e0000000)
  object space 141824K, 45% used [0x00000000a0000000,0x00000000a3fb4a28,0x00000000a8a80000)
 Metaspace       used 74214K, capacity 76953K, committed 77056K, reserved 1116160K
  class space    used 10127K, capacity 10693K, committed 10752K, reserved 1048576K
Event: 180.122 GC heap after
Heap after GC invocations=23 (full 3):
 PSYoungGen      total 136192K, used 31724K [0x00000000e0000000, 0x00000000ef280000, 0x0000000100000000)
  eden space 104448K, 0% used [0x00000000e0000000,0x00000000e0000000,0x00000000e6600000)
  from space 31744K, 99% used [0x00000000e9a00000,0x00000000eb8fb120,0x00000000eb900000)
  to   space 53248K, 0% used [0x00000000e6600000,0x00000000e6600000,0x00000000e9a00000)
 ParOldGen       total 141824K, used 109807K [0x00000000a0000000, 0x00000000a8a80000, 0x00000000e0000000)
  object space 141824K, 77% used [0x00000000a0000000,0x00000000a6b3be18,0x00000000a8a80000)
 Metaspace       used 74214K, capacity 76953K, committed 77056K, reserved 1116160K
  class space    used 10127K, capacity 10693K, committed 10752K, reserved 1048576K
}

