# JRE version: OpenJDK Runtime Environment (8.0_242-b01) (build 1.8.0_242-release-1644-b01)
# Java VM: OpenJDK 64-Bit Server VM (25.242-b01 mixed mode windows-amd64 compressed oops)
Heap:
 PSYoungGen      total 367104K, used 213002K [0x00000000e0000000, 0x00000000fef80000, 0x0000000100000000)
  eden space 236032K, 80% used [0x00000000e0000000,0x00000000eb9fde00,0x00000000ee680000)
  from space 131072K, 17% used [0x00000000f6f80000,0x00000000f8584ca0,0x00000000fef80000)
  to   space 135680K, 0% used [0x00000000ee680000,0x00000000ee680000,0x00000000f6b00000)
 ParOldGen       total 265216K, used 175956K [0x00000000a0000000, 0x00000000b0300000, 0x00000000e0000000)
  object space 265216K, 66% used [0x00000000a0000000,0x00000000aabd5060,0x00000000b0300000)
 Metaspace       used 90072K, capacity 94452K, committed 94720K, reserved 1132544K
  class space    used 11618K, capacity 12450K, committed 12544K, reserved 1048576K
GC Heap History (10 events):
Event: 7744.876 GC heap before
{Heap before GC invocations=45 (full 5):
 PSYoungGen      total 363008K, used 306279K [0x00000000e0000000, 0x0000000100000000, 0x0000000100000000)
  eden space 213504K, 100% used [0x00000000e0000000,0x00000000ed080000,0x00000000ed080000)
  from space 149504K, 62% used [0x00000000ed080000,0x00000000f2b19f20,0x00000000f6280000)
  to   space 157184K, 0% used [0x00000000f6680000,0x00000000f6680000,0x0000000100000000)
 ParOldGen       total 265216K, used 87870K [0x00000000a0000000, 0x00000000b0300000, 0x00000000e0000000)
  object space 265216K, 33% used [0x00000000a0000000,0x00000000a55cf9f8,0x00000000b0300000)
 Metaspace       used 89653K, capacity 93918K, committed 94208K, reserved 1130496K
  class space    used 11606K, capacity 12429K, committed 12544K, reserved 1048576K
Event: 7745.266 GC heap after
Heap after GC invocations=45 (full 5):
 PSYoungGen      total 361984K, used 45489K [0x00000000e0000000, 0x00000000ff380000, 0x0000000100000000)
  eden space 217600K, 0% used [0x00000000e0000000,0x00000000e0000000,0x00000000ed480000)
  from space 144384K, 31% used [0x00000000f6680000,0x00000000f92ec788,0x00000000ff380000)
  to   space 146944K, 0% used [0x00000000ed480000,0x00000000ed480000,0x00000000f6400000)
 ParOldGen       total 265216K, used 161504K [0x00000000a0000000, 0x00000000b0300000, 0x00000000e0000000)
  object space 265216K, 60% used [0x00000000a0000000,0x00000000a9db83d8,0x00000000b0300000)
 Metaspace       used 89653K, capacity 93918K, committed 94208K, reserved 1130496K
  class space    used 11606K, capacity 12429K, committed 12544K, reserved 1048576K
}
Event: 7861.230 GC heap before
{Heap before GC invocations=46 (full 5):
 PSYoungGen      total 361984K, used 263089K [0x00000000e0000000, 0x00000000ff380000, 0x0000000100000000)
  eden space 217600K, 100% used [0x00000000e0000000,0x00000000ed480000,0x00000000ed480000)
  from space 144384K, 31% used [0x00000000f6680000,0x00000000f92ec788,0x00000000ff380000)
  to   space 146944K, 0% used [0x00000000ed480000,0x00000000ed480000,0x00000000f6400000)
 ParOldGen       total 265216K, used 161504K [0x00000000a0000000, 0x00000000b0300000, 0x00000000e0000000)
  object space 265216K, 60% used [0x00000000a0000000,0x00000000a9db83d8,0x00000000b0300000)
 Metaspace       used 89828K, capacity 94172K, committed 94464K, reserved 1130496K
  class space    used 11617K, capacity 12448K, committed 12544K, reserved 1048576K
Event: 7861.304 GC heap after
Heap after GC invocations=46 (full 5):
 PSYoungGen      total 364544K, used 11953K [0x00000000e0000000, 0x00000000ffb80000, 0x0000000100000000)
  eden space 217600K, 0% used [0x00000000e0000000,0x00000000e0000000,0x00000000ed480000)
  from space 146944K, 8% used [0x00000000ed480000,0x00000000ee02c6a8,0x00000000f6400000)
  to   space 143360K, 0% used [0x00000000f6f80000,0x00000000f6f80000,0x00000000ffb80000)
 ParOldGen       total 265216K, used 168034K [0x00000000a0000000, 0x00000000b0300000, 0x00000000e0000000)
  object space 265216K, 63% used [0x00000000a0000000,0x00000000aa418a90,0x00000000b0300000)
 Metaspace       used 89828K, capacity 94172K, committed 94464K, reserved 1130496K
  class space    used 11617K, capacity 12448K, committed 12544K, reserved 1048576K
}
Event: 7862.749 GC heap before
{Heap before GC invocations=47 (full 5):
 PSYoungGen      total 364544K, used 229553K [0x00000000e0000000, 0x00000000ffb80000, 0x0000000100000000)
  eden space 217600K, 100% used [0x00000000e0000000,0x00000000ed480000,0x00000000ed480000)
  from space 146944K, 8% used [0x00000000ed480000,0x00000000ee02c6a8,0x00000000f6400000)
  to   space 143360K, 0% used [0x00000000f6f80000,0x00000000f6f80000,0x00000000ffb80000)
 ParOldGen       total 265216K, used 168034K [0x00000000a0000000, 0x00000000b0300000, 0x00000000e0000000)
  object space 265216K, 63% used [0x00000000a0000000,0x00000000aa418a90,0x00000000b0300000)
 Metaspace       used 89881K, capacity 94172K, committed 94464K, reserved 1130496K
  class space    used 11617K, capacity 12448K, committed 12544K, reserved 1048576K
Event: 7862.977 GC heap after
Heap after GC invocations=47 (full 5):
 PSYoungGen      total 373248K, used 79628K [0x00000000e0000000, 0x0000000100000000, 0x0000000100000000)
  eden space 229888K, 0% used [0x00000000e0000000,0x00000000e0000000,0x00000000ee080000)
  from space 143360K, 55% used [0x00000000f6f80000,0x00000000fbd43220,0x00000000ffb80000)
  to   space 146432K, 0% used [0x00000000ee080000,0x00000000ee080000,0x00000000f6f80000)
 ParOldGen       total 265216K, used 175202K [0x00000000a0000000, 0x00000000b0300000, 0x00000000e0000000)
  object space 265216K, 66% used [0x00000000a0000000,0x00000000aab18990,0x00000000b0300000)
 Metaspace       used 89881K, capacity 94172K, committed 94464K, reserved 1130496K
  class space    used 11617K, capacity 12448K, committed 12544K, reserved 1048576K
}
Event: 7864.412 GC heap before
{Heap before GC invocations=48 (full 5):
 PSYoungGen      total 373248K, used 303621K [0x00000000e0000000, 0x0000000100000000, 0x0000000100000000)
  eden space 229888K, 97% used [0x00000000e0000000,0x00000000edabe3d8,0x00000000ee080000)
  from space 143360K, 55% used [0x00000000f6f80000,0x00000000fbd43220,0x00000000ffb80000)
  to   space 146432K, 0% used [0x00000000ee080000,0x00000000ee080000,0x00000000f6f80000)
 ParOldGen       total 265216K, used 175202K [0x00000000a0000000, 0x00000000b0300000, 0x00000000e0000000)
  object space 265216K, 66% used [0x00000000a0000000,0x00000000aab18990,0x00000000b0300000)
 Metaspace       used 89895K, capacity 94242K, committed 94464K, reserved 1130496K
  class space    used 11617K, capacity 12449K, committed 12544K, reserved 1048576K
Event: 7864.425 GC heap after
Heap after GC invocations=48 (full 5):
 PSYoungGen      total 376320K, used 17024K [0x00000000e0000000, 0x00000000ffa00000, 0x0000000100000000)
  eden space 229888K, 0% used [0x00000000e0000000,0x00000000e0000000,0x00000000ee080000)
  from space 146432K, 11% used [0x00000000ee080000,0x00000000ef120090,0x00000000f6f80000)
  to   space 141824K, 0% used [0x00000000f6f80000,0x00000000f6f80000,0x00000000ffa00000)
 ParOldGen       total 265216K, used 175884K [0x00000000a0000000, 0x00000000b0300000, 0x00000000e0000000)
  object space 265216K, 66% used [0x00000000a0000000,0x00000000aabc3030,0x00000000b0300000)
 Metaspace       used 89895K, capacity 94242K, committed 94464K, reserved 1130496K
  class space    used 11617K, capacity 12449K, committed 12544K, reserved 1048576K
}
Event: 8138.608 GC heap before
{Heap before GC invocations=49 (full 5):
 PSYoungGen      total 376320K, used 246912K [0x00000000e0000000, 0x00000000ffa00000, 0x0000000100000000)
  eden space 229888K, 100% used [0x00000000e0000000,0x00000000ee080000,0x00000000ee080000)
  from space 146432K, 11% used [0x00000000ee080000,0x00000000ef120090,0x00000000f6f80000)
  to   space 141824K, 0% used [0x00000000f6f80000,0x00000000f6f80000,0x00000000ffa00000)
 ParOldGen       total 265216K, used 175884K [0x00000000a0000000, 0x00000000b0300000, 0x00000000e0000000)
  object space 265216K, 66% used [0x00000000a0000000,0x00000000aabc3030,0x00000000b0300000)
 Metaspace       used 90072K, capacity 94452K, committed 94720K, reserved 1132544K
  class space    used 11618K, capacity 12450K, committed 12544K, reserved 1048576K
Event: 8138.642 GC heap after
Heap after GC invocations=49 (full 5):
 PSYoungGen      total 367104K, used 22547K [0x00000000e0000000, 0x00000000fef80000, 0x0000000100000000)
  eden space 236032K, 0% used [0x00000000e0000000,0x00000000e0000000,0x00000000ee680000)
  from space 131072K, 17% used [0x00000000f6f80000,0x00000000f8584ca0,0x00000000fef80000)
  to   space 135680K, 0% used [0x00000000ee680000,0x00000000ee680000,0x00000000f6b00000)
 ParOldGen       total 265216K, used 175956K [0x00000000a0000000, 0x00000000b0300000, 0x00000000e0000000)
  object space 265216K, 66% used [0x00000000a0000000,0x00000000aabd5060,0x00000000b0300000)
 Metaspace       used 90072K, capacity 94452K, committed 94720K, reserved 1132544K
  class space    used 11618K, capacity 12450K, committed 12544K, reserved 1048576K
}

