# JRE version: OpenJDK Runtime Environment (8.0_242-b01) (build 1.8.0_242-release-1644-b01)
# Java VM: OpenJDK 64-Bit Server VM (25.242-b01 mixed mode windows-amd64 compressed oops)
Heap:
 PSYoungGen      total 424448K, used 368462K [0x00000000e0000000, 0x00000000ff580000, 0x0000000100000000)
  eden space 331776K, 100% used [0x00000000e0000000,0x00000000f4400000,0x00000000f4400000)
  from space 92672K, 39% used [0x00000000f9b00000,0x00000000fbed3b38,0x00000000ff580000)
  to   space 89088K, 31% used [0x00000000f4400000,0x00000000f5fc9340,0x00000000f9b00000)
 ParOldGen       total 302080K, used 71551K [0x00000000a0000000, 0x00000000b2700000, 0x00000000e0000000)
  object space 302080K, 23% used [0x00000000a0000000,0x00000000a45dffe0,0x00000000b2700000)
 Metaspace       used 113362K, capacity 120452K, committed 121600K, reserved 1155072K
  class space    used 14089K, capacity 15381K, committed 15616K, reserved 1048576K
GC Heap History (10 events):
Event: 9977.767 GC heap after
Heap after GC invocations=49 (full 5):
 PSYoungGen      total 399360K, used 52938K [0x00000000e0000000, 0x00000000fee80000, 0x0000000100000000)
  eden space 289280K, 0% used [0x00000000e0000000,0x00000000e0000000,0x00000000f1a80000)
  from space 110080K, 48% used [0x00000000f8300000,0x00000000fb6b2a30,0x00000000fee80000)
  to   space 107008K, 0% used [0x00000000f1a80000,0x00000000f1a80000,0x00000000f8300000)
 ParOldGen       total 302080K, used 71527K [0x00000000a0000000, 0x00000000b2700000, 0x00000000e0000000)
  object space 302080K, 23% used [0x00000000a0000000,0x00000000a45d9fe0,0x00000000b2700000)
 Metaspace       used 112543K, capacity 119434K, committed 120832K, reserved 1155072K
  class space    used 14005K, capacity 15236K, committed 15616K, reserved 1048576K
}
Event: 9979.442 GC heap before
{Heap before GC invocations=50 (full 5):
 PSYoungGen      total 399360K, used 342028K [0x00000000e0000000, 0x00000000fee80000, 0x0000000100000000)
  eden space 289280K, 99% used [0x00000000e0000000,0x00000000f1a50948,0x00000000f1a80000)
  from space 110080K, 48% used [0x00000000f8300000,0x00000000fb6b2a30,0x00000000fee80000)
  to   space 107008K, 0% used [0x00000000f1a80000,0x00000000f1a80000,0x00000000f8300000)
 ParOldGen       total 302080K, used 71527K [0x00000000a0000000, 0x00000000b2700000, 0x00000000e0000000)
  object space 302080K, 23% used [0x00000000a0000000,0x00000000a45d9fe0,0x00000000b2700000)
 Metaspace       used 112846K, capacity 119826K, committed 121088K, reserved 1155072K
  class space    used 14028K, capacity 15292K, committed 15616K, reserved 1048576K
Event: 9979.581 GC heap after
Heap after GC invocations=50 (full 5):
 PSYoungGen      total 396288K, used 47597K [0x00000000e0000000, 0x00000000ff200000, 0x0000000100000000)
  eden space 289280K, 0% used [0x00000000e0000000,0x00000000e0000000,0x00000000f1a80000)
  from space 107008K, 44% used [0x00000000f1a80000,0x00000000f48fb688,0x00000000f8300000)
  to   space 101376K, 0% used [0x00000000f8f00000,0x00000000f8f00000,0x00000000ff200000)
 ParOldGen       total 302080K, used 71535K [0x00000000a0000000, 0x00000000b2700000, 0x00000000e0000000)
  object space 302080K, 23% used [0x00000000a0000000,0x00000000a45dbfe0,0x00000000b2700000)
 Metaspace       used 112846K, capacity 119826K, committed 121088K, reserved 1155072K
  class space    used 14028K, capacity 15292K, committed 15616K, reserved 1048576K
}
Event: 9981.450 GC heap before
{Heap before GC invocations=51 (full 5):
 PSYoungGen      total 396288K, used 336877K [0x00000000e0000000, 0x00000000ff200000, 0x0000000100000000)
  eden space 289280K, 100% used [0x00000000e0000000,0x00000000f1a80000,0x00000000f1a80000)
  from space 107008K, 44% used [0x00000000f1a80000,0x00000000f48fb688,0x00000000f8300000)
  to   space 101376K, 0% used [0x00000000f8f00000,0x00000000f8f00000,0x00000000ff200000)
 ParOldGen       total 302080K, used 71535K [0x00000000a0000000, 0x00000000b2700000, 0x00000000e0000000)
  object space 302080K, 23% used [0x00000000a0000000,0x00000000a45dbfe0,0x00000000b2700000)
 Metaspace       used 113173K, capacity 120166K, committed 121344K, reserved 1155072K
  class space    used 14069K, capacity 15338K, committed 15616K, reserved 1048576K
Event: 9981.562 GC heap after
Heap after GC invocations=51 (full 5):
 PSYoungGen      total 412160K, used 44116K [0x00000000e0000000, 0x00000000ff080000, 0x0000000100000000)
  eden space 312320K, 0% used [0x00000000e0000000,0x00000000e0000000,0x00000000f3100000)
  from space 99840K, 44% used [0x00000000f8f00000,0x00000000fba151a0,0x00000000ff080000)
  to   space 96256K, 0% used [0x00000000f3100000,0x00000000f3100000,0x00000000f8f00000)
 ParOldGen       total 302080K, used 71535K [0x00000000a0000000, 0x00000000b2700000, 0x00000000e0000000)
  object space 302080K, 23% used [0x00000000a0000000,0x00000000a45dbfe0,0x00000000b2700000)
 Metaspace       used 113173K, capacity 120166K, committed 121344K, reserved 1155072K
  class space    used 14069K, capacity 15338K, committed 15616K, reserved 1048576K
}
Event: 9984.342 GC heap before
{Heap before GC invocations=52 (full 5):
 PSYoungGen      total 412160K, used 356436K [0x00000000e0000000, 0x00000000ff080000, 0x0000000100000000)
  eden space 312320K, 100% used [0x00000000e0000000,0x00000000f3100000,0x00000000f3100000)
  from space 99840K, 44% used [0x00000000f8f00000,0x00000000fba151a0,0x00000000ff080000)
  to   space 96256K, 0% used [0x00000000f3100000,0x00000000f3100000,0x00000000f8f00000)
 ParOldGen       total 302080K, used 71535K [0x00000000a0000000, 0x00000000b2700000, 0x00000000e0000000)
  object space 302080K, 23% used [0x00000000a0000000,0x00000000a45dbfe0,0x00000000b2700000)
 Metaspace       used 113249K, capacity 120246K, committed 121344K, reserved 1155072K
  class space    used 14072K, capacity 15342K, committed 15616K, reserved 1048576K
Event: 9984.422 GC heap after
Heap after GC invocations=52 (full 5):
 PSYoungGen      total 408576K, used 35550K [0x00000000e0000000, 0x00000000ff580000, 0x0000000100000000)
  eden space 312320K, 0% used [0x00000000e0000000,0x00000000e0000000,0x00000000f3100000)
  from space 96256K, 36% used [0x00000000f3100000,0x00000000f53b7ba0,0x00000000f8f00000)
  to   space 92672K, 0% used [0x00000000f9b00000,0x00000000f9b00000,0x00000000ff580000)
 ParOldGen       total 302080K, used 71543K [0x00000000a0000000, 0x00000000b2700000, 0x00000000e0000000)
  object space 302080K, 23% used [0x00000000a0000000,0x00000000a45ddfe0,0x00000000b2700000)
 Metaspace       used 113249K, capacity 120246K, committed 121344K, reserved 1155072K
  class space    used 14072K, capacity 15342K, committed 15616K, reserved 1048576K
}
Event: 9986.300 GC heap before
{Heap before GC invocations=53 (full 5):
 PSYoungGen      total 408576K, used 347870K [0x00000000e0000000, 0x00000000ff580000, 0x0000000100000000)
  eden space 312320K, 100% used [0x00000000e0000000,0x00000000f3100000,0x00000000f3100000)
  from space 96256K, 36% used [0x00000000f3100000,0x00000000f53b7ba0,0x00000000f8f00000)
  to   space 92672K, 0% used [0x00000000f9b00000,0x00000000f9b00000,0x00000000ff580000)
 ParOldGen       total 302080K, used 71543K [0x00000000a0000000, 0x00000000b2700000, 0x00000000e0000000)
  object space 302080K, 23% used [0x00000000a0000000,0x00000000a45ddfe0,0x00000000b2700000)
 Metaspace       used 113263K, capacity 120310K, committed 121600K, reserved 1155072K
  class space    used 14072K, capacity 15342K, committed 15616K, reserved 1048576K
Event: 9986.353 GC heap after
Heap after GC invocations=53 (full 5):
 PSYoungGen      total 424448K, used 36686K [0x00000000e0000000, 0x00000000ff580000, 0x0000000100000000)
  eden space 331776K, 0% used [0x00000000e0000000,0x00000000e0000000,0x00000000f4400000)
  from space 92672K, 39% used [0x00000000f9b00000,0x00000000fbed3b38,0x00000000ff580000)
  to   space 89088K, 0% used [0x00000000f4400000,0x00000000f4400000,0x00000000f9b00000)
 ParOldGen       total 302080K, used 71543K [0x00000000a0000000, 0x00000000b2700000, 0x00000000e0000000)
  object space 302080K, 23% used [0x00000000a0000000,0x00000000a45ddfe0,0x00000000b2700000)
 Metaspace       used 113263K, capacity 120310K, committed 121600K, reserved 1155072K
  class space    used 14072K, capacity 15342K, committed 15616K, reserved 1048576K
}
Event: 9988.707 GC heap before
{Heap before GC invocations=54 (full 5):
 PSYoungGen      total 424448K, used 368462K [0x00000000e0000000, 0x00000000ff580000, 0x0000000100000000)
  eden space 331776K, 100% used [0x00000000e0000000,0x00000000f4400000,0x00000000f4400000)
  from space 92672K, 39% used [0x00000000f9b00000,0x00000000fbed3b38,0x00000000ff580000)
  to   space 89088K, 0% used [0x00000000f4400000,0x00000000f4400000,0x00000000f9b00000)
 ParOldGen       total 302080K, used 71543K [0x00000000a0000000, 0x00000000b2700000, 0x00000000e0000000)
  object space 302080K, 23% used [0x00000000a0000000,0x00000000a45ddfe0,0x00000000b2700000)
 Metaspace       used 113362K, capacity 120452K, committed 121600K, reserved 1155072K
  class space    used 14089K, capacity 15381K, committed 15616K, reserved 1048576K

