# JRE version: OpenJDK Runtime Environment (8.0_242-b01) (build 1.8.0_242-release-1644-b01)
# Java VM: OpenJDK 64-Bit Server VM (25.242-b01 mixed mode windows-amd64 compressed oops)
Heap:
 PSYoungGen      total 180224K, used 29644K [0x00000000e0000000, 0x00000000efb80000, 0x0000000100000000)
  eden space 127488K, 0% used [0x00000000e0000000,0x00000000e0000000,0x00000000e7c80000)
  from space 52736K, 56% used [0x00000000e7c80000,0x00000000e99731a0,0x00000000eb000000)
  to   space 52736K, 0% used [0x00000000ec800000,0x00000000ec800000,0x00000000efb80000)
 ParOldGen       total 173568K, used 169248K [0x00000000a0000000, 0x00000000aa980000, 0x00000000e0000000)
  object space 173568K, 97% used [0x00000000a0000000,0x00000000aa548140,0x00000000aa980000)
 Metaspace       used 91202K, capacity 95664K, committed 96088K, reserved 1132544K
  class space    used 11679K, capacity 12538K, committed 12672K, reserved 1048576K
GC Heap History (10 events):
Event: 5348.481 GC heap after
Heap after GC invocations=71 (full 4):
 PSYoungGen      total 135168K, used 35306K [0x00000000e0000000, 0x00000000ec200000, 0x0000000100000000)
  eden space 99840K, 0% used [0x00000000e0000000,0x00000000e0000000,0x00000000e6180000)
  from space 35328K, 99% used [0x00000000e6180000,0x00000000e83fa828,0x00000000e8400000)
  to   space 41984K, 0% used [0x00000000e9900000,0x00000000e9900000,0x00000000ec200000)
 ParOldGen       total 173568K, used 98633K [0x00000000a0000000, 0x00000000aa980000, 0x00000000e0000000)
  object space 173568K, 56% used [0x00000000a0000000,0x00000000a6052598,0x00000000aa980000)
 Metaspace       used 91072K, capacity 95544K, committed 96088K, reserved 1132544K
  class space    used 11670K, capacity 12530K, committed 12672K, reserved 1048576K
}
Event: 5349.531 GC heap before
{Heap before GC invocations=72 (full 4):
 PSYoungGen      total 135168K, used 135146K [0x00000000e0000000, 0x00000000ec200000, 0x0000000100000000)
  eden space 99840K, 100% used [0x00000000e0000000,0x00000000e6180000,0x00000000e6180000)
  from space 35328K, 99% used [0x00000000e6180000,0x00000000e83fa828,0x00000000e8400000)
  to   space 41984K, 0% used [0x00000000e9900000,0x00000000e9900000,0x00000000ec200000)
 ParOldGen       total 173568K, used 98633K [0x00000000a0000000, 0x00000000aa980000, 0x00000000e0000000)
  object space 173568K, 56% used [0x00000000a0000000,0x00000000a6052598,0x00000000aa980000)
 Metaspace       used 91127K, capacity 95564K, committed 96088K, reserved 1132544K
  class space    used 11671K, capacity 12532K, committed 12672K, reserved 1048576K
Event: 5349.573 GC heap after
Heap after GC invocations=72 (full 4):
 PSYoungGen      total 148992K, used 41968K [0x00000000e0000000, 0x00000000ed180000, 0x0000000100000000)
  eden space 107008K, 0% used [0x00000000e0000000,0x00000000e0000000,0x00000000e6880000)
  from space 41984K, 99% used [0x00000000e9900000,0x00000000ec1fc278,0x00000000ec200000)
  to   space 49664K, 0% used [0x00000000e6880000,0x00000000e6880000,0x00000000e9900000)
 ParOldGen       total 173568K, used 101507K [0x00000000a0000000, 0x00000000aa980000, 0x00000000e0000000)
  object space 173568K, 58% used [0x00000000a0000000,0x00000000a6320cc8,0x00000000aa980000)
 Metaspace       used 91127K, capacity 95564K, committed 96088K, reserved 1132544K
  class space    used 11671K, capacity 12532K, committed 12672K, reserved 1048576K
}
Event: 5349.962 GC heap before
{Heap before GC invocations=73 (full 4):
 PSYoungGen      total 148992K, used 148976K [0x00000000e0000000, 0x00000000ed180000, 0x0000000100000000)
  eden space 107008K, 100% used [0x00000000e0000000,0x00000000e6880000,0x00000000e6880000)
  from space 41984K, 99% used [0x00000000e9900000,0x00000000ec1fc278,0x00000000ec200000)
  to   space 49664K, 0% used [0x00000000e6880000,0x00000000e6880000,0x00000000e9900000)
 ParOldGen       total 173568K, used 101507K [0x00000000a0000000, 0x00000000aa980000, 0x00000000e0000000)
  object space 173568K, 58% used [0x00000000a0000000,0x00000000a6320cc8,0x00000000aa980000)
 Metaspace       used 91143K, capacity 95570K, committed 96088K, reserved 1132544K
  class space    used 11672K, capacity 12533K, committed 12672K, reserved 1048576K
Event: 5350.039 GC heap after
Heap after GC invocations=73 (full 4):
 PSYoungGen      total 156672K, used 42361K [0x00000000e0000000, 0x00000000ee780000, 0x0000000100000000)
  eden space 107008K, 0% used [0x00000000e0000000,0x00000000e0000000,0x00000000e6880000)
  from space 49664K, 85% used [0x00000000e6880000,0x00000000e91de7d0,0x00000000e9900000)
  to   space 55296K, 0% used [0x00000000eb180000,0x00000000eb180000,0x00000000ee780000)
 ParOldGen       total 173568K, used 109322K [0x00000000a0000000, 0x00000000aa980000, 0x00000000e0000000)
  object space 173568K, 62% used [0x00000000a0000000,0x00000000a6ac2a28,0x00000000aa980000)
 Metaspace       used 91143K, capacity 95570K, committed 96088K, reserved 1132544K
  class space    used 11672K, capacity 12533K, committed 12672K, reserved 1048576K
}
Event: 5350.339 GC heap before
{Heap before GC invocations=74 (full 4):
 PSYoungGen      total 156672K, used 149369K [0x00000000e0000000, 0x00000000ee780000, 0x0000000100000000)
  eden space 107008K, 100% used [0x00000000e0000000,0x00000000e6880000,0x00000000e6880000)
  from space 49664K, 85% used [0x00000000e6880000,0x00000000e91de7d0,0x00000000e9900000)
  to   space 55296K, 0% used [0x00000000eb180000,0x00000000eb180000,0x00000000ee780000)
 ParOldGen       total 173568K, used 109322K [0x00000000a0000000, 0x00000000aa980000, 0x00000000e0000000)
  object space 173568K, 62% used [0x00000000a0000000,0x00000000a6ac2a28,0x00000000aa980000)
 Metaspace       used 91148K, capacity 95570K, committed 96088K, reserved 1132544K
  class space    used 11672K, capacity 12533K, committed 12672K, reserved 1048576K
Event: 5350.479 GC heap after
Heap after GC invocations=74 (full 4):
 PSYoungGen      total 178688K, used 25299K [0x00000000e0000000, 0x00000000ee380000, 0x0000000100000000)
  eden space 127488K, 0% used [0x00000000e0000000,0x00000000e0000000,0x00000000e7c80000)
  from space 51200K, 49% used [0x00000000eb180000,0x00000000eca34fa0,0x00000000ee380000)
  to   space 52736K, 0% used [0x00000000e7c80000,0x00000000e7c80000,0x00000000eb000000)
 ParOldGen       total 173568K, used 144676K [0x00000000a0000000, 0x00000000aa980000, 0x00000000e0000000)
  object space 173568K, 83% used [0x00000000a0000000,0x00000000a8d490c0,0x00000000aa980000)
 Metaspace       used 91148K, capacity 95570K, committed 96088K, reserved 1132544K
  class space    used 11672K, capacity 12533K, committed 12672K, reserved 1048576K
}
Event: 5351.534 GC heap before
{Heap before GC invocations=75 (full 4):
 PSYoungGen      total 178688K, used 152787K [0x00000000e0000000, 0x00000000ee380000, 0x0000000100000000)
  eden space 127488K, 100% used [0x00000000e0000000,0x00000000e7c80000,0x00000000e7c80000)
  from space 51200K, 49% used [0x00000000eb180000,0x00000000eca34fa0,0x00000000ee380000)
  to   space 52736K, 0% used [0x00000000e7c80000,0x00000000e7c80000,0x00000000eb000000)
 ParOldGen       total 173568K, used 144676K [0x00000000a0000000, 0x00000000aa980000, 0x00000000e0000000)
  object space 173568K, 83% used [0x00000000a0000000,0x00000000a8d490c0,0x00000000aa980000)
 Metaspace       used 91202K, capacity 95664K, committed 96088K, reserved 1132544K
  class space    used 11679K, capacity 12538K, committed 12672K, reserved 1048576K
Event: 5351.694 GC heap after
Heap after GC invocations=75 (full 4):
 PSYoungGen      total 180224K, used 29644K [0x00000000e0000000, 0x00000000efb80000, 0x0000000100000000)
  eden space 127488K, 0% used [0x00000000e0000000,0x00000000e0000000,0x00000000e7c80000)
  from space 52736K, 56% used [0x00000000e7c80000,0x00000000e99731a0,0x00000000eb000000)
  to   space 52736K, 0% used [0x00000000ec800000,0x00000000ec800000,0x00000000efb80000)
 ParOldGen       total 173568K, used 169248K [0x00000000a0000000, 0x00000000aa980000, 0x00000000e0000000)
  object space 173568K, 97% used [0x00000000a0000000,0x00000000aa548140,0x00000000aa980000)
 Metaspace       used 91202K, capacity 95664K, committed 96088K, reserved 1132544K
  class space    used 11679K, capacity 12538K, committed 12672K, reserved 1048576K
}
Event: 5351.694 GC heap before
{Heap before GC invocations=76 (full 5):
 PSYoungGen      total 180224K, used 29644K [0x00000000e0000000, 0x00000000efb80000, 0x0000000100000000)
  eden space 127488K, 0% used [0x00000000e0000000,0x00000000e0000000,0x00000000e7c80000)
  from space 52736K, 56% used [0x00000000e7c80000,0x00000000e99731a0,0x00000000eb000000)
  to   space 52736K, 0% used [0x00000000ec800000,0x00000000ec800000,0x00000000efb80000)
 ParOldGen       total 173568K, used 169248K [0x00000000a0000000, 0x00000000aa980000, 0x00000000e0000000)
  object space 173568K, 97% used [0x00000000a0000000,0x00000000aa548140,0x00000000aa980000)
 Metaspace       used 91202K, capacity 95664K, committed 96088K, reserved 1132544K
  class space    used 11679K, capacity 12538K, committed 12672K, reserved 1048576K

