# JRE version: OpenJDK Runtime Environment (8.0_242-b01) (build 1.8.0_242-release-1644-b01)
# Java VM: OpenJDK 64-Bit Server VM (25.242-b01 mixed mode windows-amd64 compressed oops)
Heap:
 PSYoungGen      total 131072K, used 59727K [0x00000000e0000000, 0x00000000e9a80000, 0x0000000100000000)
  eden space 121344K, 41% used [0x00000000e0000000,0x00000000e3130618,0x00000000e7680000)
  from space 9728K, 96% used [0x00000000e9100000,0x00000000e9a238f0,0x00000000e9a80000)
  to   space 16896K, 0% used [0x00000000e7980000,0x00000000e7980000,0x00000000e8a00000)
 ParOldGen       total 138240K, used 49930K [0x00000000a0000000, 0x00000000a8700000, 0x00000000e0000000)
  object space 138240K, 36% used [0x00000000a0000000,0x00000000a30c2b28,0x00000000a8700000)
 Metaspace       used 70302K, capacity 72534K, committed 72832K, reserved 1112064K
  class space    used 9268K, capacity 9775K, committed 9856K, reserved 1048576K
GC Heap History (10 events):
Event: 33.516 GC heap before
{Heap before GC invocations=17 (full 2):
 PSYoungGen      total 108032K, used 72063K [0x00000000e0000000, 0x00000000e8500000, 0x0000000100000000)
  eden space 96768K, 62% used [0x00000000e0000000,0x00000000e3b5ff38,0x00000000e5e80000)
  from space 11264K, 99% used [0x00000000e6c00000,0x00000000e76ffef0,0x00000000e7700000)
  to   space 13824K, 0% used [0x00000000e5e80000,0x00000000e5e80000,0x00000000e6c00000)
 ParOldGen       total 90624K, used 23535K [0x00000000a0000000, 0x00000000a5880000, 0x00000000e0000000)
  object space 90624K, 25% used [0x00000000a0000000,0x00000000a16fbcd0,0x00000000a5880000)
 Metaspace       used 57439K, capacity 59002K, committed 59096K, reserved 1099776K
  class space    used 7835K, capacity 8226K, committed 8320K, reserved 1048576K
Event: 33.541 GC heap after
Heap after GC invocations=17 (full 2):
 PSYoungGen      total 110592K, used 6263K [0x00000000e0000000, 0x00000000e9700000, 0x0000000100000000)
  eden space 96768K, 0% used [0x00000000e0000000,0x00000000e0000000,0x00000000e5e80000)
  from space 13824K, 45% used [0x00000000e5e80000,0x00000000e649ddb0,0x00000000e6c00000)
  to   space 13312K, 0% used [0x00000000e8a00000,0x00000000e8a00000,0x00000000e9700000)
 ParOldGen       total 90624K, used 33089K [0x00000000a0000000, 0x00000000a5880000, 0x00000000e0000000)
  object space 90624K, 36% used [0x00000000a0000000,0x00000000a2050570,0x00000000a5880000)
 Metaspace       used 57439K, capacity 59002K, committed 59096K, reserved 1099776K
  class space    used 7835K, capacity 8226K, committed 8320K, reserved 1048576K
}
Event: 33.541 GC heap before
{Heap before GC invocations=18 (full 3):
 PSYoungGen      total 110592K, used 6263K [0x00000000e0000000, 0x00000000e9700000, 0x0000000100000000)
  eden space 96768K, 0% used [0x00000000e0000000,0x00000000e0000000,0x00000000e5e80000)
  from space 13824K, 45% used [0x00000000e5e80000,0x00000000e649ddb0,0x00000000e6c00000)
  to   space 13312K, 0% used [0x00000000e8a00000,0x00000000e8a00000,0x00000000e9700000)
 ParOldGen       total 90624K, used 33089K [0x00000000a0000000, 0x00000000a5880000, 0x00000000e0000000)
  object space 90624K, 36% used [0x00000000a0000000,0x00000000a2050570,0x00000000a5880000)
 Metaspace       used 57439K, capacity 59002K, committed 59096K, reserved 1099776K
  class space    used 7835K, capacity 8226K, committed 8320K, reserved 1048576K
Event: 33.980 GC heap after
Heap after GC invocations=18 (full 3):
 PSYoungGen      total 110592K, used 0K [0x00000000e0000000, 0x00000000e9700000, 0x0000000100000000)
  eden space 96768K, 0% used [0x00000000e0000000,0x00000000e0000000,0x00000000e5e80000)
  from space 13824K, 0% used [0x00000000e5e80000,0x00000000e5e80000,0x00000000e6c00000)
  to   space 13312K, 0% used [0x00000000e8a00000,0x00000000e8a00000,0x00000000e9700000)
 ParOldGen       total 138240K, used 33946K [0x00000000a0000000, 0x00000000a8700000, 0x00000000e0000000)
  object space 138240K, 24% used [0x00000000a0000000,0x00000000a21268c8,0x00000000a8700000)
 Metaspace       used 57439K, capacity 59002K, committed 59096K, reserved 1099776K
  class space    used 7835K, capacity 8226K, committed 8320K, reserved 1048576K
}
Event: 39.479 GC heap before
{Heap before GC invocations=19 (full 3):
 PSYoungGen      total 110592K, used 96768K [0x00000000e0000000, 0x00000000e9700000, 0x0000000100000000)
  eden space 96768K, 100% used [0x00000000e0000000,0x00000000e5e80000,0x00000000e5e80000)
  from space 13824K, 0% used [0x00000000e5e80000,0x00000000e5e80000,0x00000000e6c00000)
  to   space 13312K, 0% used [0x00000000e8a00000,0x00000000e8a00000,0x00000000e9700000)
 ParOldGen       total 138240K, used 33946K [0x00000000a0000000, 0x00000000a8700000, 0x00000000e0000000)
  object space 138240K, 24% used [0x00000000a0000000,0x00000000a21268c8,0x00000000a8700000)
 Metaspace       used 62854K, capacity 64718K, committed 64768K, reserved 1105920K
  class space    used 8515K, capacity 8955K, committed 8960K, reserved 1048576K
Event: 39.501 GC heap after
Heap after GC invocations=19 (full 3):
 PSYoungGen      total 128000K, used 11320K [0x00000000e0000000, 0x00000000e9580000, 0x0000000100000000)
  eden space 116224K, 0% used [0x00000000e0000000,0x00000000e0000000,0x00000000e7180000)
  from space 11776K, 96% used [0x00000000e8a00000,0x00000000e950e1a0,0x00000000e9580000)
  to   space 14336K, 0% used [0x00000000e7980000,0x00000000e7980000,0x00000000e8780000)
 ParOldGen       total 138240K, used 33954K [0x00000000a0000000, 0x00000000a8700000, 0x00000000e0000000)
  object space 138240K, 24% used [0x00000000a0000000,0x00000000a21288c8,0x00000000a8700000)
 Metaspace       used 62854K, capacity 64718K, committed 64768K, reserved 1105920K
  class space    used 8515K, capacity 8955K, committed 8960K, reserved 1048576K
}
Event: 45.508 GC heap before
{Heap before GC invocations=20 (full 3):
 PSYoungGen      total 128000K, used 127544K [0x00000000e0000000, 0x00000000e9580000, 0x0000000100000000)
  eden space 116224K, 100% used [0x00000000e0000000,0x00000000e7180000,0x00000000e7180000)
  from space 11776K, 96% used [0x00000000e8a00000,0x00000000e950e1a0,0x00000000e9580000)
  to   space 14336K, 0% used [0x00000000e7980000,0x00000000e7980000,0x00000000e8780000)
 ParOldGen       total 138240K, used 33954K [0x00000000a0000000, 0x00000000a8700000, 0x00000000e0000000)
  object space 138240K, 24% used [0x00000000a0000000,0x00000000a21288c8,0x00000000a8700000)
 Metaspace       used 64128K, capacity 66006K, committed 66304K, reserved 1105920K
  class space    used 8646K, capacity 9117K, committed 9216K, reserved 1048576K
Event: 45.543 GC heap after
Heap after GC invocations=20 (full 3):
 PSYoungGen      total 138752K, used 14304K [0x00000000e0000000, 0x00000000ea200000, 0x0000000100000000)
  eden space 124416K, 0% used [0x00000000e0000000,0x00000000e0000000,0x00000000e7980000)
  from space 14336K, 99% used [0x00000000e7980000,0x00000000e8778090,0x00000000e8780000)
  to   space 17408K, 0% used [0x00000000e9100000,0x00000000e9100000,0x00000000ea200000)
 ParOldGen       total 138240K, used 37630K [0x00000000a0000000, 0x00000000a8700000, 0x00000000e0000000)
  object space 138240K, 27% used [0x00000000a0000000,0x00000000a24bfaf8,0x00000000a8700000)
 Metaspace       used 64128K, capacity 66006K, committed 66304K, reserved 1105920K
  class space    used 8646K, capacity 9117K, committed 9216K, reserved 1048576K
}
Event: 1073.877 GC heap before
{Heap before GC invocations=21 (full 3):
 PSYoungGen      total 138752K, used 138720K [0x00000000e0000000, 0x00000000ea200000, 0x0000000100000000)
  eden space 124416K, 100% used [0x00000000e0000000,0x00000000e7980000,0x00000000e7980000)
  from space 14336K, 99% used [0x00000000e7980000,0x00000000e8778090,0x00000000e8780000)
  to   space 17408K, 0% used [0x00000000e9100000,0x00000000e9100000,0x00000000ea200000)
 ParOldGen       total 138240K, used 37630K [0x00000000a0000000, 0x00000000a8700000, 0x00000000e0000000)
  object space 138240K, 27% used [0x00000000a0000000,0x00000000a24bfaf8,0x00000000a8700000)
 Metaspace       used 69798K, capacity 72038K, committed 72320K, reserved 1112064K
  class space    used 9264K, capacity 9767K, committed 9856K, reserved 1048576K
Event: 1073.945 GC heap after
Heap after GC invocations=21 (full 3):
 PSYoungGen      total 131072K, used 9358K [0x00000000e0000000, 0x00000000e9a80000, 0x0000000100000000)
  eden space 121344K, 0% used [0x00000000e0000000,0x00000000e0000000,0x00000000e7680000)
  from space 9728K, 96% used [0x00000000e9100000,0x00000000e9a238f0,0x00000000e9a80000)
  to   space 16896K, 0% used [0x00000000e7980000,0x00000000e7980000,0x00000000e8a00000)
 ParOldGen       total 138240K, used 49930K [0x00000000a0000000, 0x00000000a8700000, 0x00000000e0000000)
  object space 138240K, 36% used [0x00000000a0000000,0x00000000a30c2b28,0x00000000a8700000)
 Metaspace       used 69798K, capacity 72038K, committed 72320K, reserved 1112064K
  class space    used 9264K, capacity 9767K, committed 9856K, reserved 1048576K
}

