# JRE version: OpenJDK Runtime Environment (8.0_242-b01) (build 1.8.0_242-release-1644-b01)
# Java VM: OpenJDK 64-Bit Server VM (25.242-b01 mixed mode windows-amd64 compressed oops)
Heap:
 PSYoungGen      total 381440K, used 140207K [0x00000000e0000000, 0x00000000fa680000, 0x0000000100000000)
  eden space 332288K, 40% used [0x00000000e0000000,0x00000000e833a1b8,0x00000000f4480000)
  from space 49152K, 11% used [0x00000000f7680000,0x00000000f7c31c88,0x00000000fa680000)
  to   space 50176K, 0% used [0x00000000f4480000,0x00000000f4480000,0x00000000f7580000)
 ParOldGen       total 206336K, used 73824K [0x00000000a0000000, 0x00000000ac980000, 0x00000000e0000000)
  object space 206336K, 35% used [0x00000000a0000000,0x00000000a4818270,0x00000000ac980000)
 Metaspace       used 84654K, capacity 87677K, committed 88192K, reserved 1126400K
  class space    used 10884K, capacity 11493K, committed 11648K, reserved 1048576K
GC Heap History (10 events):
Event: 96.250 GC heap before
{Heap before GC invocations=30 (full 3):
 PSYoungGen      total 286720K, used 268104K [0x00000000e0000000, 0x00000000f5880000, 0x0000000100000000)
  eden space 235008K, 100% used [0x00000000e0000000,0x00000000ee580000,0x00000000ee580000)
  from space 51712K, 64% used [0x00000000f1980000,0x00000000f39d22a0,0x00000000f4c00000)
  to   space 53248K, 0% used [0x00000000ee580000,0x00000000ee580000,0x00000000f1980000)
 ParOldGen       total 134144K, used 76711K [0x00000000a0000000, 0x00000000a8300000, 0x00000000e0000000)
  object space 134144K, 57% used [0x00000000a0000000,0x00000000a4ae9e68,0x00000000a8300000)
 Metaspace       used 84550K, capacity 87821K, committed 87936K, reserved 1126400K
  class space    used 10916K, capacity 11571K, committed 11648K, reserved 1048576K
Event: 96.373 GC heap after
Heap after GC invocations=30 (full 3):
 PSYoungGen      total 288256K, used 9308K [0x00000000e0000000, 0x00000000f7700000, 0x0000000100000000)
  eden space 235008K, 0% used [0x00000000e0000000,0x00000000e0000000,0x00000000ee580000)
  from space 53248K, 17% used [0x00000000ee580000,0x00000000eee970f8,0x00000000f1980000)
  to   space 52224K, 0% used [0x00000000f4400000,0x00000000f4400000,0x00000000f7700000)
 ParOldGen       total 134144K, used 100232K [0x00000000a0000000, 0x00000000a8300000, 0x00000000e0000000)
  object space 134144K, 74% used [0x00000000a0000000,0x00000000a61e2240,0x00000000a8300000)
 Metaspace       used 84550K, capacity 87821K, committed 87936K, reserved 1126400K
  class space    used 10916K, capacity 11571K, committed 11648K, reserved 1048576K
}
Event: 97.791 GC heap before
{Heap before GC invocations=31 (full 3):
 PSYoungGen      total 288256K, used 244316K [0x00000000e0000000, 0x00000000f7700000, 0x0000000100000000)
  eden space 235008K, 100% used [0x00000000e0000000,0x00000000ee580000,0x00000000ee580000)
  from space 53248K, 17% used [0x00000000ee580000,0x00000000eee970f8,0x00000000f1980000)
  to   space 52224K, 0% used [0x00000000f4400000,0x00000000f4400000,0x00000000f7700000)
 ParOldGen       total 134144K, used 100232K [0x00000000a0000000, 0x00000000a8300000, 0x00000000e0000000)
  object space 134144K, 74% used [0x00000000a0000000,0x00000000a61e2240,0x00000000a8300000)
 Metaspace       used 84714K, capacity 87971K, committed 88192K, reserved 1126400K
  class space    used 10931K, capacity 11574K, committed 11648K, reserved 1048576K
Event: 97.851 GC heap after
Heap after GC invocations=31 (full 3):
 PSYoungGen      total 329728K, used 13976K [0x00000000e0000000, 0x00000000f7480000, 0x0000000100000000)
  eden space 280064K, 0% used [0x00000000e0000000,0x00000000e0000000,0x00000000f1180000)
  from space 49664K, 28% used [0x00000000f4400000,0x00000000f51a6110,0x00000000f7480000)
  to   space 50688K, 0% used [0x00000000f1180000,0x00000000f1180000,0x00000000f4300000)
 ParOldGen       total 134144K, used 105327K [0x00000000a0000000, 0x00000000a8300000, 0x00000000e0000000)
  object space 134144K, 78% used [0x00000000a0000000,0x00000000a66dbfe0,0x00000000a8300000)
 Metaspace       used 84714K, capacity 87971K, committed 88192K, reserved 1126400K
  class space    used 10931K, capacity 11574K, committed 11648K, reserved 1048576K
}
Event: 99.304 GC heap before
{Heap before GC invocations=32 (full 3):
 PSYoungGen      total 329728K, used 294040K [0x00000000e0000000, 0x00000000f7480000, 0x0000000100000000)
  eden space 280064K, 100% used [0x00000000e0000000,0x00000000f1180000,0x00000000f1180000)
  from space 49664K, 28% used [0x00000000f4400000,0x00000000f51a6110,0x00000000f7480000)
  to   space 50688K, 0% used [0x00000000f1180000,0x00000000f1180000,0x00000000f4300000)
 ParOldGen       total 134144K, used 105327K [0x00000000a0000000, 0x00000000a8300000, 0x00000000e0000000)
  object space 134144K, 78% used [0x00000000a0000000,0x00000000a66dbfe0,0x00000000a8300000)
 Metaspace       used 84771K, capacity 88043K, committed 88192K, reserved 1126400K
  class space    used 10931K, capacity 11574K, committed 11648K, reserved 1048576K
Event: 99.346 GC heap after
Heap after GC invocations=32 (full 3):
 PSYoungGen      total 330752K, used 2582K [0x00000000e0000000, 0x00000000fa800000, 0x0000000100000000)
  eden space 280064K, 0% used [0x00000000e0000000,0x00000000e0000000,0x00000000f1180000)
  from space 50688K, 5% used [0x00000000f1180000,0x00000000f1405b60,0x00000000f4300000)
  to   space 50688K, 0% used [0x00000000f7680000,0x00000000f7680000,0x00000000fa800000)
 ParOldGen       total 134144K, used 117792K [0x00000000a0000000, 0x00000000a8300000, 0x00000000e0000000)
  object space 134144K, 87% used [0x00000000a0000000,0x00000000a7308218,0x00000000a8300000)
 Metaspace       used 84771K, capacity 88043K, committed 88192K, reserved 1126400K
  class space    used 10931K, capacity 11574K, committed 11648K, reserved 1048576K
}
Event: 99.346 GC heap before
{Heap before GC invocations=33 (full 4):
 PSYoungGen      total 330752K, used 2582K [0x00000000e0000000, 0x00000000fa800000, 0x0000000100000000)
  eden space 280064K, 0% used [0x00000000e0000000,0x00000000e0000000,0x00000000f1180000)
  from space 50688K, 5% used [0x00000000f1180000,0x00000000f1405b60,0x00000000f4300000)
  to   space 50688K, 0% used [0x00000000f7680000,0x00000000f7680000,0x00000000fa800000)
 ParOldGen       total 134144K, used 117792K [0x00000000a0000000, 0x00000000a8300000, 0x00000000e0000000)
  object space 134144K, 87% used [0x00000000a0000000,0x00000000a7308218,0x00000000a8300000)
 Metaspace       used 84771K, capacity 88043K, committed 88192K, reserved 1126400K
  class space    used 10931K, capacity 11574K, committed 11648K, reserved 1048576K
Event: 99.986 GC heap after
Heap after GC invocations=33 (full 4):
 PSYoungGen      total 330752K, used 0K [0x00000000e0000000, 0x00000000fa800000, 0x0000000100000000)
  eden space 280064K, 0% used [0x00000000e0000000,0x00000000e0000000,0x00000000f1180000)
  from space 50688K, 0% used [0x00000000f1180000,0x00000000f1180000,0x00000000f4300000)
  to   space 50688K, 0% used [0x00000000f7680000,0x00000000f7680000,0x00000000fa800000)
 ParOldGen       total 206336K, used 73824K [0x00000000a0000000, 0x00000000ac980000, 0x00000000e0000000)
  object space 206336K, 35% used [0x00000000a0000000,0x00000000a4818270,0x00000000ac980000)
 Metaspace       used 84629K, capacity 87669K, committed 88192K, reserved 1126400K
  class space    used 10884K, capacity 11493K, committed 11648K, reserved 1048576K
}
Event: 101.582 GC heap before
{Heap before GC invocations=34 (full 4):
 PSYoungGen      total 330752K, used 280064K [0x00000000e0000000, 0x00000000fa800000, 0x0000000100000000)
  eden space 280064K, 100% used [0x00000000e0000000,0x00000000f1180000,0x00000000f1180000)
  from space 50688K, 0% used [0x00000000f1180000,0x00000000f1180000,0x00000000f4300000)
  to   space 50688K, 0% used [0x00000000f7680000,0x00000000f7680000,0x00000000fa800000)
 ParOldGen       total 206336K, used 73824K [0x00000000a0000000, 0x00000000ac980000, 0x00000000e0000000)
  object space 206336K, 35% used [0x00000000a0000000,0x00000000a4818270,0x00000000ac980000)
 Metaspace       used 84640K, capacity 87673K, committed 88192K, reserved 1126400K
  class space    used 10884K, capacity 11493K, committed 11648K, reserved 1048576K
Event: 101.608 GC heap after
Heap after GC invocations=34 (full 4):
 PSYoungGen      total 381440K, used 5831K [0x00000000e0000000, 0x00000000fa680000, 0x0000000100000000)
  eden space 332288K, 0% used [0x00000000e0000000,0x00000000e0000000,0x00000000f4480000)
  from space 49152K, 11% used [0x00000000f7680000,0x00000000f7c31c88,0x00000000fa680000)
  to   space 50176K, 0% used [0x00000000f4480000,0x00000000f4480000,0x00000000f7580000)
 ParOldGen       total 206336K, used 73824K [0x00000000a0000000, 0x00000000ac980000, 0x00000000e0000000)
  object space 206336K, 35% used [0x00000000a0000000,0x00000000a4818270,0x00000000ac980000)
 Metaspace       used 84640K, capacity 87673K, committed 88192K, reserved 1126400K
  class space    used 10884K, capacity 11493K, committed 11648K, reserved 1048576K
}

