# JRE version: OpenJDK Runtime Environment (8.0_202-b03) (build 1.8.0_202-release-1483-b03)
# Java VM: OpenJDK 64-Bit Server VM (25.202-b03 mixed mode windows-amd64 compressed oops)
Heap:
 PSYoungGen      total 449536K, used 143926K [0x00000000e0000000, 0x0000000100000000, 0x0000000100000000)
  eden space 374784K, 36% used [0x00000000e0000000,0x00000000e85d1b28,0x00000000f6e00000)
  from space 74752K, 9% used [0x00000000f6e00000,0x00000000f74bc050,0x00000000fb700000)
  to   space 73728K, 0% used [0x00000000fb800000,0x00000000fb800000,0x0000000100000000)
 ParOldGen       total 324608K, used 272718K [0x00000000a0000000, 0x00000000b3d00000, 0x00000000e0000000)
  object space 324608K, 84% used [0x00000000a0000000,0x00000000b0a53af8,0x00000000b3d00000)
 Metaspace       used 124245K, capacity 133124K, committed 157388K, reserved 1185792K
  class space    used 15535K, capacity 17059K, committed 20736K, reserved 1048576K
GC Heap History (10 events):
Event: 11744.683 GC heap before
{Heap before GC invocations=71 (full 6):
 PSYoungGen      total 480768K, used 464036K [0x00000000e0000000, 0x00000000ffe00000, 0x0000000100000000)
  eden space 442368K, 100% used [0x00000000e0000000,0x00000000fb000000,0x00000000fb000000)
  from space 38400K, 56% used [0x00000000fd880000,0x00000000feda9090,0x00000000ffe00000)
  to   space 39936K, 0% used [0x00000000fb000000,0x00000000fb000000,0x00000000fd700000)
 ParOldGen       total 324608K, used 162384K [0x00000000a0000000, 0x00000000b3d00000, 0x00000000e0000000)
  object space 324608K, 50% used [0x00000000a0000000,0x00000000a9e94060,0x00000000b3d00000)
 Metaspace       used 123334K, capacity 131716K, committed 156748K, reserved 1185792K
  class space    used 15436K, capacity 16899K, committed 20608K, reserved 1048576K
Event: 11744.938 GC heap after
Heap after GC invocations=71 (full 6):
 PSYoungGen      total 482304K, used 39925K [0x00000000e0000000, 0x0000000100000000, 0x0000000100000000)
  eden space 442368K, 0% used [0x00000000e0000000,0x00000000e0000000,0x00000000fb000000)
  from space 39936K, 99% used [0x00000000fb000000,0x00000000fd6fd710,0x00000000fd700000)
  to   space 41984K, 0% used [0x00000000fd700000,0x00000000fd700000,0x0000000100000000)
 ParOldGen       total 324608K, used 205233K [0x00000000a0000000, 0x00000000b3d00000, 0x00000000e0000000)
  object space 324608K, 63% used [0x00000000a0000000,0x00000000ac86c400,0x00000000b3d00000)
 Metaspace       used 123334K, capacity 131716K, committed 156748K, reserved 1185792K
  class space    used 15436K, capacity 16899K, committed 20608K, reserved 1048576K
}
Event: 12255.201 GC heap before
{Heap before GC invocations=72 (full 6):
 PSYoungGen      total 482304K, used 482293K [0x00000000e0000000, 0x0000000100000000, 0x0000000100000000)
  eden space 442368K, 100% used [0x00000000e0000000,0x00000000fb000000,0x00000000fb000000)
  from space 39936K, 99% used [0x00000000fb000000,0x00000000fd6fd710,0x00000000fd700000)
  to   space 41984K, 0% used [0x00000000fd700000,0x00000000fd700000,0x0000000100000000)
 ParOldGen       total 324608K, used 205233K [0x00000000a0000000, 0x00000000b3d00000, 0x00000000e0000000)
  object space 324608K, 63% used [0x00000000a0000000,0x00000000ac86c400,0x00000000b3d00000)
 Metaspace       used 123445K, capacity 131828K, committed 156748K, reserved 1185792K
  class space    used 15440K, capacity 16905K, committed 20608K, reserved 1048576K
Event: 12255.395 GC heap after
Heap after GC invocations=72 (full 6):
 PSYoungGen      total 444416K, used 6560K [0x00000000e0000000, 0x0000000100000000, 0x0000000100000000)
  eden space 402432K, 0% used [0x00000000e0000000,0x00000000e0000000,0x00000000f8900000)
  from space 41984K, 15% used [0x00000000fd700000,0x00000000fdd68040,0x0000000100000000)
  to   space 60928K, 0% used [0x00000000f8900000,0x00000000f8900000,0x00000000fc480000)
 ParOldGen       total 324608K, used 233338K [0x00000000a0000000, 0x00000000b3d00000, 0x00000000e0000000)
  object space 324608K, 71% used [0x00000000a0000000,0x00000000ae3dea10,0x00000000b3d00000)
 Metaspace       used 123445K, capacity 131828K, committed 156748K, reserved 1185792K
  class space    used 15440K, capacity 16905K, committed 20608K, reserved 1048576K
}
Event: 12260.280 GC heap before
{Heap before GC invocations=73 (full 6):
 PSYoungGen      total 444416K, used 408992K [0x00000000e0000000, 0x0000000100000000, 0x0000000100000000)
  eden space 402432K, 100% used [0x00000000e0000000,0x00000000f8900000,0x00000000f8900000)
  from space 41984K, 15% used [0x00000000fd700000,0x00000000fdd68040,0x0000000100000000)
  to   space 60928K, 0% used [0x00000000f8900000,0x00000000f8900000,0x00000000fc480000)
 ParOldGen       total 324608K, used 233338K [0x00000000a0000000, 0x00000000b3d00000, 0x00000000e0000000)
  object space 324608K, 71% used [0x00000000a0000000,0x00000000ae3dea10,0x00000000b3d00000)
 Metaspace       used 123526K, capacity 132032K, committed 156748K, reserved 1185792K
  class space    used 15441K, capacity 16907K, committed 20608K, reserved 1048576K
Event: 12260.327 GC heap after
Heap after GC invocations=73 (full 6):
 PSYoungGen      total 463360K, used 20658K [0x00000000e0000000, 0x0000000100000000, 0x0000000100000000)
  eden space 402432K, 0% used [0x00000000e0000000,0x00000000e0000000,0x00000000f8900000)
  from space 60928K, 33% used [0x00000000f8900000,0x00000000f9d2c940,0x00000000fc480000)
  to   space 57344K, 0% used [0x00000000fc800000,0x00000000fc800000,0x0000000100000000)
 ParOldGen       total 324608K, used 239248K [0x00000000a0000000, 0x00000000b3d00000, 0x00000000e0000000)
  object space 324608K, 73% used [0x00000000a0000000,0x00000000ae9a4348,0x00000000b3d00000)
 Metaspace       used 123526K, capacity 132032K, committed 156748K, reserved 1185792K
  class space    used 15441K, capacity 16907K, committed 20608K, reserved 1048576K
}
Event: 16549.076 GC heap before
{Heap before GC invocations=74 (full 6):
 PSYoungGen      total 463360K, used 423031K [0x00000000e0000000, 0x0000000100000000, 0x0000000100000000)
  eden space 402432K, 99% used [0x00000000e0000000,0x00000000f88f13e0,0x00000000f8900000)
  from space 60928K, 33% used [0x00000000f8900000,0x00000000f9d2c940,0x00000000fc480000)
  to   space 57344K, 0% used [0x00000000fc800000,0x00000000fc800000,0x0000000100000000)
 ParOldGen       total 324608K, used 239248K [0x00000000a0000000, 0x00000000b3d00000, 0x00000000e0000000)
  object space 324608K, 73% used [0x00000000a0000000,0x00000000ae9a4348,0x00000000b3d00000)
 Metaspace       used 123883K, capacity 132558K, committed 157004K, reserved 1185792K
  class space    used 15484K, capacity 16986K, committed 20608K, reserved 1048576K
Event: 16549.587 GC heap after
Heap after GC invocations=74 (full 6):
 PSYoungGen      total 432128K, used 57315K [0x00000000e0000000, 0x0000000100000000, 0x0000000100000000)
  eden space 374784K, 0% used [0x00000000e0000000,0x00000000e0000000,0x00000000f6e00000)
  from space 57344K, 99% used [0x00000000fc800000,0x00000000ffff8f20,0x0000000100000000)
  to   space 74752K, 0% used [0x00000000f6e00000,0x00000000f6e00000,0x00000000fb700000)
 ParOldGen       total 324608K, used 260362K [0x00000000a0000000, 0x00000000b3d00000, 0x00000000e0000000)
  object space 324608K, 80% used [0x00000000a0000000,0x00000000afe42b50,0x00000000b3d00000)
 Metaspace       used 123883K, capacity 132558K, committed 157004K, reserved 1185792K
  class space    used 15484K, capacity 16986K, committed 20608K, reserved 1048576K
}
Event: 16913.029 GC heap before
{Heap before GC invocations=75 (full 6):
 PSYoungGen      total 432128K, used 432099K [0x00000000e0000000, 0x0000000100000000, 0x0000000100000000)
  eden space 374784K, 100% used [0x00000000e0000000,0x00000000f6e00000,0x00000000f6e00000)
  from space 57344K, 99% used [0x00000000fc800000,0x00000000ffff8f20,0x0000000100000000)
  to   space 74752K, 0% used [0x00000000f6e00000,0x00000000f6e00000,0x00000000fb700000)
 ParOldGen       total 324608K, used 260362K [0x00000000a0000000, 0x00000000b3d00000, 0x00000000e0000000)
  object space 324608K, 80% used [0x00000000a0000000,0x00000000afe42b50,0x00000000b3d00000)
 Metaspace       used 124071K, capacity 132790K, committed 157004K, reserved 1185792K
  class space    used 15503K, capacity 17014K, committed 20608K, reserved 1048576K
Event: 16913.148 GC heap after
Heap after GC invocations=75 (full 6):
 PSYoungGen      total 449536K, used 6896K [0x00000000e0000000, 0x0000000100000000, 0x0000000100000000)
  eden space 374784K, 0% used [0x00000000e0000000,0x00000000e0000000,0x00000000f6e00000)
  from space 74752K, 9% used [0x00000000f6e00000,0x00000000f74bc050,0x00000000fb700000)
  to   space 73728K, 0% used [0x00000000fb800000,0x00000000fb800000,0x0000000100000000)
 ParOldGen       total 324608K, used 272718K [0x00000000a0000000, 0x00000000b3d00000, 0x00000000e0000000)
  object space 324608K, 84% used [0x00000000a0000000,0x00000000b0a53af8,0x00000000b3d00000)
 Metaspace       used 124071K, capacity 132790K, committed 157004K, reserved 1185792K
  class space    used 15503K, capacity 17014K, committed 20608K, reserved 1048576K
}

