# JRE version: OpenJDK Runtime Environment (8.0_242-b01) (build 1.8.0_242-release-1644-b01)
# Java VM: OpenJDK 64-Bit Server VM (25.242-b01 mixed mode windows-amd64 compressed oops)
Heap:
 PSYoungGen      total 363520K, used 289867K [0x00000000e0000000, 0x00000000fc600000, 0x0000000100000000)
  eden space 269312K, 100% used [0x00000000e0000000,0x00000000f0700000,0x00000000f0700000)
  from space 94208K, 21% used [0x00000000f6a00000,0x00000000f7e12f30,0x00000000fc600000)
  to   space 97792K, 44% used [0x00000000f0700000,0x00000000f319ab48,0x00000000f6680000)
 ParOldGen       total 359424K, used 183566K [0x00000000a0000000, 0x00000000b5f00000, 0x00000000e0000000)
  object space 359424K, 51% used [0x00000000a0000000,0x00000000ab343b38,0x00000000b5f00000)
 Metaspace       used 87453K, capacity 90748K, committed 91008K, reserved 1128448K
  class space    used 11428K, capacity 12112K, committed 12160K, reserved 1048576K
GC Heap History (10 events):
Event: 798.952 GC heap after
Heap after GC invocations=33 (full 4):
 PSYoungGen      total 290304K, used 12881K [0x00000000e0000000, 0x00000000f9a80000, 0x0000000100000000)
  eden space 192512K, 0% used [0x00000000e0000000,0x00000000e0000000,0x00000000ebc00000)
  from space 97792K, 13% used [0x00000000ebc00000,0x00000000ec8946e0,0x00000000f1b80000)
  to   space 95232K, 0% used [0x00000000f3d80000,0x00000000f3d80000,0x00000000f9a80000)
 ParOldGen       total 309248K, used 215177K [0x00000000a0000000, 0x00000000b2e00000, 0x00000000e0000000)
  object space 309248K, 69% used [0x00000000a0000000,0x00000000ad222558,0x00000000b2e00000)
 Metaspace       used 86750K, capacity 89974K, committed 90240K, reserved 1128448K
  class space    used 11405K, capacity 12071K, committed 12160K, reserved 1048576K
}
Event: 800.960 GC heap before
{Heap before GC invocations=34 (full 4):
 PSYoungGen      total 290304K, used 205393K [0x00000000e0000000, 0x00000000f9a80000, 0x0000000100000000)
  eden space 192512K, 100% used [0x00000000e0000000,0x00000000ebc00000,0x00000000ebc00000)
  from space 97792K, 13% used [0x00000000ebc00000,0x00000000ec8946e0,0x00000000f1b80000)
  to   space 95232K, 0% used [0x00000000f3d80000,0x00000000f3d80000,0x00000000f9a80000)
 ParOldGen       total 309248K, used 215177K [0x00000000a0000000, 0x00000000b2e00000, 0x00000000e0000000)
  object space 309248K, 69% used [0x00000000a0000000,0x00000000ad222558,0x00000000b2e00000)
 Metaspace       used 86901K, capacity 90194K, committed 90496K, reserved 1128448K
  class space    used 11407K, capacity 12075K, committed 12160K, reserved 1048576K
Event: 801.164 GC heap after
Heap after GC invocations=34 (full 4):
 PSYoungGen      total 314880K, used 77059K [0x00000000e0000000, 0x00000000fb200000, 0x0000000100000000)
  eden space 219648K, 0% used [0x00000000e0000000,0x00000000e0000000,0x00000000ed680000)
  from space 95232K, 80% used [0x00000000f3d80000,0x00000000f88c0ed8,0x00000000f9a80000)
  to   space 105472K, 0% used [0x00000000ed680000,0x00000000ed680000,0x00000000f3d80000)
 ParOldGen       total 309248K, used 223003K [0x00000000a0000000, 0x00000000b2e00000, 0x00000000e0000000)
  object space 309248K, 72% used [0x00000000a0000000,0x00000000ad9c6d50,0x00000000b2e00000)
 Metaspace       used 86901K, capacity 90194K, committed 90496K, reserved 1128448K
  class space    used 11407K, capacity 12075K, committed 12160K, reserved 1048576K
}
Event: 802.865 GC heap before
{Heap before GC invocations=35 (full 4):
 PSYoungGen      total 314880K, used 287081K [0x00000000e0000000, 0x00000000fb200000, 0x0000000100000000)
  eden space 219648K, 95% used [0x00000000e0000000,0x00000000ecd197f0,0x00000000ed680000)
  from space 95232K, 80% used [0x00000000f3d80000,0x00000000f88c0ed8,0x00000000f9a80000)
  to   space 105472K, 0% used [0x00000000ed680000,0x00000000ed680000,0x00000000f3d80000)
 ParOldGen       total 309248K, used 223003K [0x00000000a0000000, 0x00000000b2e00000, 0x00000000e0000000)
  object space 309248K, 72% used [0x00000000a0000000,0x00000000ad9c6d50,0x00000000b2e00000)
 Metaspace       used 86904K, capacity 90194K, committed 90496K, reserved 1128448K
  class space    used 11407K, capacity 12075K, committed 12160K, reserved 1048576K
Event: 803.095 GC heap after
Heap after GC invocations=35 (full 4):
 PSYoungGen      total 325120K, used 43939K [0x00000000e0000000, 0x00000000fcc80000, 0x0000000100000000)
  eden space 219648K, 0% used [0x00000000e0000000,0x00000000e0000000,0x00000000ed680000)
  from space 105472K, 41% used [0x00000000ed680000,0x00000000f0168ca0,0x00000000f3d80000)
  to   space 100864K, 0% used [0x00000000f6a00000,0x00000000f6a00000,0x00000000fcc80000)
 ParOldGen       total 309248K, used 285821K [0x00000000a0000000, 0x00000000b2e00000, 0x00000000e0000000)
  object space 309248K, 92% used [0x00000000a0000000,0x00000000b171f4e8,0x00000000b2e00000)
 Metaspace       used 86904K, capacity 90194K, committed 90496K, reserved 1128448K
  class space    used 11407K, capacity 12075K, committed 12160K, reserved 1048576K
}
Event: 803.095 GC heap before
{Heap before GC invocations=36 (full 5):
 PSYoungGen      total 325120K, used 43939K [0x00000000e0000000, 0x00000000fcc80000, 0x0000000100000000)
  eden space 219648K, 0% used [0x00000000e0000000,0x00000000e0000000,0x00000000ed680000)
  from space 105472K, 41% used [0x00000000ed680000,0x00000000f0168ca0,0x00000000f3d80000)
  to   space 100864K, 0% used [0x00000000f6a00000,0x00000000f6a00000,0x00000000fcc80000)
 ParOldGen       total 309248K, used 285821K [0x00000000a0000000, 0x00000000b2e00000, 0x00000000e0000000)
  object space 309248K, 92% used [0x00000000a0000000,0x00000000b171f4e8,0x00000000b2e00000)
 Metaspace       used 86904K, capacity 90194K, committed 90496K, reserved 1128448K
  class space    used 11407K, capacity 12075K, committed 12160K, reserved 1048576K
Event: 804.564 GC heap after
Heap after GC invocations=36 (full 5):
 PSYoungGen      total 325120K, used 0K [0x00000000e0000000, 0x00000000fcc80000, 0x0000000100000000)
  eden space 219648K, 0% used [0x00000000e0000000,0x00000000e0000000,0x00000000ed680000)
  from space 105472K, 0% used [0x00000000ed680000,0x00000000ed680000,0x00000000f3d80000)
  to   space 100864K, 0% used [0x00000000f6a00000,0x00000000f6a00000,0x00000000fcc80000)
 ParOldGen       total 359424K, used 165638K [0x00000000a0000000, 0x00000000b5f00000, 0x00000000e0000000)
  object space 359424K, 46% used [0x00000000a0000000,0x00000000aa1c1918,0x00000000b5f00000)
 Metaspace       used 86904K, capacity 90194K, committed 90496K, reserved 1128448K
  class space    used 11407K, capacity 12075K, committed 12160K, reserved 1048576K
}
Event: 1315.737 GC heap before
{Heap before GC invocations=37 (full 5):
 PSYoungGen      total 325120K, used 219648K [0x00000000e0000000, 0x00000000fcc80000, 0x0000000100000000)
  eden space 219648K, 100% used [0x00000000e0000000,0x00000000ed680000,0x00000000ed680000)
  from space 105472K, 0% used [0x00000000ed680000,0x00000000ed680000,0x00000000f3d80000)
  to   space 100864K, 0% used [0x00000000f6a00000,0x00000000f6a00000,0x00000000fcc80000)
 ParOldGen       total 359424K, used 165638K [0x00000000a0000000, 0x00000000b5f00000, 0x00000000e0000000)
  object space 359424K, 46% used [0x00000000a0000000,0x00000000aa1c1918,0x00000000b5f00000)
 Metaspace       used 87305K, capacity 90578K, committed 90752K, reserved 1128448K
  class space    used 11425K, capacity 12107K, committed 12160K, reserved 1048576K
Event: 1315.761 GC heap after
Heap after GC invocations=37 (full 5):
 PSYoungGen      total 363520K, used 20555K [0x00000000e0000000, 0x00000000fc600000, 0x0000000100000000)
  eden space 269312K, 0% used [0x00000000e0000000,0x00000000e0000000,0x00000000f0700000)
  from space 94208K, 21% used [0x00000000f6a00000,0x00000000f7e12f30,0x00000000fc600000)
  to   space 97792K, 0% used [0x00000000f0700000,0x00000000f0700000,0x00000000f6680000)
 ParOldGen       total 359424K, used 165646K [0x00000000a0000000, 0x00000000b5f00000, 0x00000000e0000000)
  object space 359424K, 46% used [0x00000000a0000000,0x00000000aa1c3918,0x00000000b5f00000)
 Metaspace       used 87305K, capacity 90578K, committed 90752K, reserved 1128448K
  class space    used 11425K, capacity 12107K, committed 12160K, reserved 1048576K
}
Event: 1327.253 GC heap before
{Heap before GC invocations=38 (full 5):
 PSYoungGen      total 363520K, used 289867K [0x00000000e0000000, 0x00000000fc600000, 0x0000000100000000)
  eden space 269312K, 100% used [0x00000000e0000000,0x00000000f0700000,0x00000000f0700000)
  from space 94208K, 21% used [0x00000000f6a00000,0x00000000f7e12f30,0x00000000fc600000)
  to   space 97792K, 0% used [0x00000000f0700000,0x00000000f0700000,0x00000000f6680000)
 ParOldGen       total 359424K, used 165646K [0x00000000a0000000, 0x00000000b5f00000, 0x00000000e0000000)
  object space 359424K, 46% used [0x00000000a0000000,0x00000000aa1c3918,0x00000000b5f00000)
 Metaspace       used 87453K, capacity 90748K, committed 91008K, reserved 1128448K
  class space    used 11428K, capacity 12112K, committed 12160K, reserved 1048576K

